<?xml version="1.0" encoding="UTF-8"?>
<testng-results ignored="0" total="1" passed="1" failed="0" skipped="0">
  <reporter-output>
  </reporter-output>
  <suite started-at="2025-07-23T21:18:13 IST" name="Suite" finished-at="2025-07-23T21:19:08 IST" duration-ms="55267">
    <groups>
    </groups>
    <test started-at="2025-07-23T21:18:13 IST" name="Test" finished-at="2025-07-23T21:19:08 IST" duration-ms="55267">
      <class name="testCases.TC_003_CustomerDetailsPage">
        <test-method is-config="true" signature="setup(java.lang.String,java.lang.String)[pri:0, instance:testCases.TC_003_CustomerDetailsPage@5e5d171f]" started-at="2025-07-23T21:18:13 IST" name="setup" finished-at="2025-07-23T21:18:17 IST" duration-ms="3503" status="PASS">
          <params>
            <param index="0">
              <value>
                <![CDATA[Windows]]>
              </value>
            </param>
            <param index="1">
              <value>
                <![CDATA[chrome]]>
              </value>
            </param>
          </params>
          <reporter-output>
          </reporter-output>
        </test-method> <!-- setup -->
        <test-method signature="testCustomerDetailsPage()[pri:0, instance:testCases.TC_003_CustomerDetailsPage@5e5d171f]" started-at="2025-07-23T21:18:17 IST" name="testCustomerDetailsPage" finished-at="2025-07-23T21:19:05 IST" duration-ms="47891" status="PASS">
          <reporter-output>
          </reporter-output>
        </test-method> <!-- testCustomerDetailsPage -->
        <test-method is-config="true" signature="tearDown()[pri:0, instance:testCases.TC_003_CustomerDetailsPage@5e5d171f]" started-at="2025-07-23T21:19:05 IST" name="tearDown" finished-at="2025-07-23T21:19:08 IST" duration-ms="3537" status="PASS">
          <reporter-output>
          </reporter-output>
        </test-method> <!-- tearDown -->
      </class> <!-- testCases.TC_003_CustomerDetailsPage -->
    </test> <!-- Test -->
  </suite> <!-- Suite -->
</testng-results>
